sources/aem/casch/core/src/main/java/com/sony/casch/core/frontend/service/impl/HomePageServiceExtImpl.java
sources/aem/casch/core/src/main/java/com/sony/casch/core/frontend/service/impl/OutProductServiceImpl.java
sources/aem/casch/core/src/main/java/com/sony/casch/core/frontend/servlets/HomePageExtServlet.java
sources/aem/casch/core/src/main/java/com/sony/casch/core/models/QueryPara.java
sources/aem/casch/core/src/main/java/com/sony/casch/core/utils/HttpClientFactory.java
sources/aem/casch/core/src/main/java/com/sony/casch/core/utils/HttpConstant.java
sources/aem/casch/core/src/main/java/com/sony/casch/core/utils/HttpRequest.java
sources/aem/casch/core/src/main/java/com/sony/casch/core/utils/HttpUtils.java
sources/aem/casch/ui.apps/src/main/content/jcr_root/apps/casch/components/content/footer/footer.html
sources/aem/casch/ui.apps/src/main/content/jcr_root/apps/casch/components/content/header/header.html
sources/aem/casch/ui.apps/src/main/content/jcr_root/apps/casch/components/content/login/login.html
sources/aem/casch/ui.apps/src/main/content/jcr_root/apps/casch/components/content/solution-content/enjoyment-image-text/enjoyment-image-text.html
sources/aem/casch/ui.apps/src/main/content/jcr_root/apps/casch/components/content/solution-content/enjoyment-image/enjoyment-image.html
sources/aem/casch/ui.apps/src/main/content/jcr_root/apps/casch/components/content/solution-content/enjoyment-tab/enjoyment-tab.html
sources/aem/casch/ui.apps/src/main/content/jcr_root/apps/casch/components/content/solution-content/enjoyment-video/enjoyment-video.html
sources/aem/casch/ui.apps/src/main/content/jcr_root/apps/casch/components/render/eclassListRender/footlibs.html
sources/aem/casch/ui.apps/src/main/content/jcr_root/apps/casch/components/render/homePageRender/head.html
sources/aem/casch/ui.apps/src/main/content/jcr_root/apps/casch/components/render/homePageRender/sitemap.html
sources/aem/casch/ui.apps/src/main/content/jcr_root/apps/casch/components/render/personalCenterRender/.content.xml
sources/aem/casch/ui.apps/src/main/content/jcr_root/apps/casch/components/render/personalCenterRender/headlibs.html
sources/aem/casch/ui.apps/src/main/content/jcr_root/apps/casch/components/render/personalCenterRender/index.html
sources/aem/casch/ui.apps/src/main/content/jcr_root/apps/casch/components/render/personalCenterRender/main.html
sources/aem/casch/ui.apps/src/main/content/jcr_root/apps/casch/components/render/solutionContentArticlePageRender/head.html
sources/aem/casch/ui.apps/src/main/content/jcr_root/apps/casch/components/render/solutionContentArticlePageRender/headlibs.html
sources/aem/casch/ui.apps/src/main/content/jcr_root/apps/casch/components/structure/page/footlibs.html
sources/aem/casch/ui.apps/src/main/content/jcr_root/apps/casch/components/structure/page/head.html
sources/aem/casch/ui.apps/src/main/content/jcr_root/apps/casch/components/structure/site-configuration/common-footlibs.html
sources/aem/casch/ui.apps/src/main/content/jcr_root/apps/casch/components/structure/site-configuration/common-headlibs.html
sources/aem/casch/ui.apps/src/main/content/jcr_root/apps/casch/components/structure/site-configuration/footlibs.html
sources/aem/casch/ui.apps/src/main/content/jcr_root/apps/casch/components/structure/site-configuration/site-configuration.html
sources/aem/casch/ui.apps/src/main/content/jcr_root/apps/casch/templates/personalCenterTemplate/.content.xml
sources/aem/casch/ui.apps/src/main/content/jcr_root/etc/designs/casch/css/clientlib-header/header.css
sources/aem/casch/ui.apps/src/main/content/jcr_root/etc/designs/casch/css/clientlib-index/index.css
sources/aem/casch/ui.apps/src/main/content/jcr_root/etc/designs/casch/css/clientlib-login/login.css
sources/aem/casch/ui.apps/src/main/content/jcr_root/etc/designs/casch/css/clientlib-personalCenter/.content.xml
sources/aem/casch/ui.apps/src/main/content/jcr_root/etc/designs/casch/css/clientlib-personalCenter/README.md
sources/aem/casch/ui.apps/src/main/content/jcr_root/etc/designs/casch/css/clientlib-personalCenter/css.txt
sources/aem/casch/ui.apps/src/main/content/jcr_root/etc/designs/casch/css/clientlib-personalCenter/personalCenter.css
sources/aem/casch/ui.apps/src/main/content/jcr_root/etc/designs/casch/images/personalCenter/202305220001_1280_toHome.jpg
sources/aem/casch/ui.apps/src/main/content/jcr_root/etc/designs/casch/images/personalCenter/arrow-right.png
sources/aem/casch/ui.apps/src/main/content/jcr_root/etc/designs/casch/images/personalCenter/arrow-right2.png
sources/aem/casch/ui.apps/src/main/content/jcr_root/etc/designs/casch/images/personalCenter/close.png
sources/aem/casch/ui.apps/src/main/content/jcr_root/etc/designs/casch/images/personalCenter/down-active.png
sources/aem/casch/ui.apps/src/main/content/jcr_root/etc/designs/casch/images/personalCenter/down-white.png
sources/aem/casch/ui.apps/src/main/content/jcr_root/etc/designs/casch/images/personalCenter/dzf.png
sources/aem/casch/ui.apps/src/main/content/jcr_root/etc/designs/casch/images/personalCenter/dzfwd.png
sources/aem/casch/ui.apps/src/main/content/jcr_root/etc/designs/casch/images/personalCenter/ep_new_sprites.png
sources/aem/casch/ui.apps/src/main/content/jcr_root/etc/designs/casch/images/personalCenter/ep_sys_wx_tip.jpg
sources/aem/casch/ui.apps/src/main/content/jcr_root/etc/designs/casch/images/personalCenter/expired.png
sources/aem/casch/ui.apps/src/main/content/jcr_root/etc/designs/casch/images/personalCenter/f.png
sources/aem/casch/ui.apps/src/main/content/jcr_root/etc/designs/casch/images/personalCenter/fold.png
sources/aem/casch/ui.apps/src/main/content/jcr_root/etc/designs/casch/images/personalCenter/fulidefault.png
sources/aem/casch/ui.apps/src/main/content/jcr_root/etc/designs/casch/images/personalCenter/loading.gif
sources/aem/casch/ui.apps/src/main/content/jcr_root/etc/designs/casch/images/personalCenter/mysony.png
sources/aem/casch/ui.apps/src/main/content/jcr_root/etc/designs/casch/images/personalCenter/nodata.png
sources/aem/casch/ui.apps/src/main/content/jcr_root/etc/designs/casch/images/personalCenter/productdefault.png
sources/aem/casch/ui.apps/src/main/content/jcr_root/etc/designs/casch/images/personalCenter/right-arr.png
sources/aem/casch/ui.apps/src/main/content/jcr_root/etc/designs/casch/images/personalCenter/s.png
sources/aem/casch/ui.apps/src/main/content/jcr_root/etc/designs/casch/images/personalCenter/smqj.png
sources/aem/casch/ui.apps/src/main/content/jcr_root/etc/designs/casch/images/personalCenter/touxiang.png
sources/aem/casch/ui.apps/src/main/content/jcr_root/etc/designs/casch/images/personalCenter/touxiangdefault.png
sources/aem/casch/ui.apps/src/main/content/jcr_root/etc/designs/casch/images/personalCenter/unfold.png
sources/aem/casch/ui.apps/src/main/content/jcr_root/etc/designs/casch/images/personalCenter/view-active.png
sources/aem/casch/ui.apps/src/main/content/jcr_root/etc/designs/casch/images/personalCenter/view-more.png
sources/aem/casch/ui.apps/src/main/content/jcr_root/etc/designs/casch/images/personalCenter/yiyuedu.png
sources/aem/casch/ui.apps/src/main/content/jcr_root/etc/designs/casch/images/personalCenter/ypj.png
sources/aem/casch/ui.apps/src/main/content/jcr_root/etc/designs/casch/images/personalCenter/yulan-white.png
sources/aem/casch/ui.apps/src/main/content/jcr_root/etc/designs/casch/images/personalCenter/yydd.png
sources/aem/casch/ui.apps/src/main/content/jcr_root/etc/designs/casch/images/personalCenter/yysm.png
sources/aem/casch/ui.apps/src/main/content/jcr_root/etc/designs/casch/images/personalCenter/yzf.png
sources/aem/casch/ui.apps/src/main/content/jcr_root/etc/designs/casch/images/personalCenter/zhifu.png
sources/aem/casch/ui.apps/src/main/content/jcr_root/etc/designs/casch/js/clientlib-api/api-min.js
sources/aem/casch/ui.apps/src/main/content/jcr_root/etc/designs/casch/js/clientlib-api/api.js
sources/aem/casch/ui.apps/src/main/content/jcr_root/etc/designs/casch/js/clientlib-header/header.js
sources/aem/casch/ui.apps/src/main/content/jcr_root/etc/designs/casch/js/clientlib-login/login.js
sources/aem/casch/ui.apps/src/main/content/jcr_root/etc/designs/casch/js/clientlib-personalCenter/.content.xml
sources/aem/casch/ui.apps/src/main/content/jcr_root/etc/designs/casch/js/clientlib-personalCenter/js.txt
sources/aem/casch/ui.apps/src/main/content/jcr_root/etc/designs/casch/js/clientlib-personalCenter/personalCenter.js
sources/aem/casch/ui.apps/src/main/content/jcr_root/etc/designs/casch/js/clientlib-qrcode/.content.xml
sources/aem/casch/ui.apps/src/main/content/jcr_root/etc/designs/casch/js/clientlib-qrcode/js.txt
sources/aem/casch/ui.apps/src/main/content/jcr_root/etc/designs/casch/js/clientlib-qrcode/qrcode.js
sources/frontend/best-pc/package.json
sources/frontend/best-pc/src/views/pick-up.vue
sources/frontend/best-pc/src/views/toHome.vue
sources/frontend/best-pc/src/views/toShop.vue
sources/frontend/mobile/mobileproject/package-lock.json
sources/frontend/mobile/mobileproject/src/components/EnjoyDetailPage.vue
sources/frontend/mobile/mobileproject/src/components/Footer.vue
sources/frontend/mobile/mobileproject/src/components/common/enjoyItem.vue
sources/frontend/mobile/mobileproject/src/router/index.js
